{"numFailedTestSuites":0,"numFailedTests":0,"numPassedTestSuites":18,"numPassedTests":133,"numPendingTestSuites":0,"numPendingTests":0,"numRuntimeErrorTestSuites":0,"numTodoTests":0,"numTotalTestSuites":18,"numTotalTests":133,"openHandles":[],"snapshot":{"added":0,"didUpdate":false,"failure":false,"filesAdded":0,"filesRemoved":0,"filesRemovedList":[],"filesUnmatched":0,"filesUpdated":0,"matched":0,"total":0,"unchecked":0,"uncheckedKeysByFile":[],"unmatched":0,"updated":0},"startTime":1666360276352,"success":true,"testResults":[{"assertionResults":[{"ancestorTitles":["index"],"duration":6,"failureDetails":[],"failureMessages":[],"fullName":"index must return all constants","invocations":1,"location":null,"numPassingAsserts":0,"retryReasons":[],"status":"passed","title":"must return all constants"}],"endTime":1666360283187,"message":"","name":"/Users/mts/PapillonBitsHub/discovery/packages/core/src/library/constant/__tests__/index.test.js","startTime":1666360277824,"status":"passed","summary":""},{"assertionResults":[{"ancestorTitles":["index","getDataTestSelector()"],"duration":2,"failureDetails":[],"failureMessages":[],"fullName":"index getDataTestSelector() must return dataTest","invocations":1,"location":null,"numPassingAsserts":0,"retryReasons":[],"status":"passed","title":"must return dataTest"}],"endTime":1666360283446,"message":"","name":"/Users/mts/PapillonBitsHub/discovery/packages/core/src/library/constant/dataTest/__tests__/dataTest.test.js","startTime":1666360277897,"status":"passed","summary":""},{"assertionResults":[{"ancestorTitles":["index","getFilesSelectedInstance()"],"duration":3,"failureDetails":[],"failureMessages":[],"fullName":"index getFilesSelectedInstance() must return selected instance files object when instance ids match","invocations":1,"location":null,"numPassingAsserts":0,"retryReasons":[],"status":"passed","title":"must return selected instance files object when instance ids match"},{"ancestorTitles":["index","getFilesSelectedInstance()"],"duration":1,"failureDetails":[],"failureMessages":[],"fullName":"index getFilesSelectedInstance() must return empty object when nothing to collect","invocations":1,"location":null,"numPassingAsserts":0,"retryReasons":[],"status":"passed","title":"must return empty object when nothing to collect"},{"ancestorTitles":["index","getFilesUnselectedInstances()"],"duration":1,"failureDetails":[],"failureMessages":[],"fullName":"index getFilesUnselectedInstances() must return unselected instances files array when instance ids do not match","invocations":1,"location":null,"numPassingAsserts":0,"retryReasons":[],"status":"passed","title":"must return unselected instances files array when instance ids do not match"},{"ancestorTitles":["index","getFilesUnselectedInstances()"],"duration":1,"failureDetails":[],"failureMessages":[],"fullName":"index getFilesUnselectedInstances() must return empty array when nothing to collect","invocations":1,"location":null,"numPassingAsserts":0,"retryReasons":[],"status":"passed","title":"must return empty array when nothing to collect"},{"ancestorTitles":["index","getFilesSpecifiedInstance()"],"duration":1,"failureDetails":[],"failureMessages":[],"fullName":"index getFilesSpecifiedInstance() must return selected instance files object when instance ids match","invocations":1,"location":null,"numPassingAsserts":0,"retryReasons":[],"status":"passed","title":"must return selected instance files object when instance ids match"},{"ancestorTitles":["index","getFilesSpecifiedInstance()"],"duration":1,"failureDetails":[],"failureMessages":[],"fullName":"index getFilesSpecifiedInstance() must return empty object when nothing to collect","invocations":1,"location":null,"numPassingAsserts":0,"retryReasons":[],"status":"passed","title":"must return empty object when nothing to collect"},{"ancestorTitles":["index","getFilesUnspecifiedInstances()"],"duration":0,"failureDetails":[],"failureMessages":[],"fullName":"index getFilesUnspecifiedInstances() must return unselected instances files array when instance ids do not match","invocations":1,"location":null,"numPassingAsserts":0,"retryReasons":[],"status":"passed","title":"must return unselected instances files array when instance ids do not match"},{"ancestorTitles":["index","getFilesUnspecifiedInstances()"],"duration":1,"failureDetails":[],"failureMessages":[],"fullName":"index getFilesUnspecifiedInstances() must return empty array when nothing to collect","invocations":1,"location":null,"numPassingAsserts":0,"retryReasons":[],"status":"passed","title":"must return empty array when nothing to collect"}],"endTime":1666360283473,"message":"","name":"/Users/mts/PapillonBitsHub/discovery/packages/core/src/store/reducer/ui/files/get/__tests__/index.test.js","startTime":1666360277919,"status":"passed","summary":""},{"assertionResults":[{"ancestorTitles":["path","appRootPath"],"duration":425,"failureDetails":[],"failureMessages":[],"fullName":"path appRootPath must return path with base url when process.env.BASE_URL is present","invocations":1,"location":null,"numPassingAsserts":0,"retryReasons":[],"status":"passed","title":"must return path with base url when process.env.BASE_URL is present"},{"ancestorTitles":["path","appRootPath"],"duration":1,"failureDetails":[],"failureMessages":[],"fullName":"path appRootPath must return path without base url when process.env.BASE_URL is absent","invocations":1,"location":null,"numPassingAsserts":0,"retryReasons":[],"status":"passed","title":"must return path without base url when process.env.BASE_URL is absent"},{"ancestorTitles":["path","dashboardPagePath"],"duration":1,"failureDetails":[],"failureMessages":[],"fullName":"path dashboardPagePath must return path with base url when process.env.BASE_URL is present","invocations":1,"location":null,"numPassingAsserts":0,"retryReasons":[],"status":"passed","title":"must return path with base url when process.env.BASE_URL is present"},{"ancestorTitles":["path","dashboardPagePath"],"duration":1,"failureDetails":[],"failureMessages":[],"fullName":"path dashboardPagePath must return path without base url when process.env.BASE_URL is absent","invocations":1,"location":null,"numPassingAsserts":0,"retryReasons":[],"status":"passed","title":"must return path without base url when process.env.BASE_URL is absent"},{"ancestorTitles":["path","instancesPagePath"],"duration":1,"failureDetails":[],"failureMessages":[],"fullName":"path instancesPagePath must return path with base url when process.env.BASE_URL is present","invocations":1,"location":null,"numPassingAsserts":0,"retryReasons":[],"status":"passed","title":"must return path with base url when process.env.BASE_URL is present"},{"ancestorTitles":["path","instancesPagePath"],"duration":37,"failureDetails":[],"failureMessages":[],"fullName":"path instancesPagePath must return path without base url when process.env.BASE_URL is absent","invocations":1,"location":null,"numPassingAsserts":0,"retryReasons":[],"status":"passed","title":"must return path without base url when process.env.BASE_URL is absent"},{"ancestorTitles":["path","filesPagePath"],"duration":1,"failureDetails":[],"failureMessages":[],"fullName":"path filesPagePath must return path with base url when process.env.BASE_URL is present","invocations":1,"location":null,"numPassingAsserts":0,"retryReasons":[],"status":"passed","title":"must return path with base url when process.env.BASE_URL is present"},{"ancestorTitles":["path","filesPagePath"],"duration":1,"failureDetails":[],"failureMessages":[],"fullName":"path filesPagePath must return path without base url when process.env.BASE_URL is absent","invocations":1,"location":null,"numPassingAsserts":0,"retryReasons":[],"status":"passed","title":"must return path without base url when process.env.BASE_URL is absent"},{"ancestorTitles":["path","credentialsPagePath"],"duration":1,"failureDetails":[],"failureMessages":[],"fullName":"path credentialsPagePath must return path with base url when process.env.BASE_URL is present","invocations":1,"location":null,"numPassingAsserts":0,"retryReasons":[],"status":"passed","title":"must return path with base url when process.env.BASE_URL is present"},{"ancestorTitles":["path","credentialsPagePath"],"duration":1,"failureDetails":[],"failureMessages":[],"fullName":"path credentialsPagePath must return path without base url when process.env.BASE_URL is absent","invocations":1,"location":null,"numPassingAsserts":0,"retryReasons":[],"status":"passed","title":"must return path without base url when process.env.BASE_URL is absent"},{"ancestorTitles":["path","pipelinesPagePath"],"duration":1,"failureDetails":[],"failureMessages":[],"fullName":"path pipelinesPagePath must return path with base url when process.env.BASE_URL is present","invocations":1,"location":null,"numPassingAsserts":0,"retryReasons":[],"status":"passed","title":"must return path with base url when process.env.BASE_URL is present"},{"ancestorTitles":["path","pipelinesPagePath"],"duration":1,"failureDetails":[],"failureMessages":[],"fullName":"path pipelinesPagePath must return path without base url when process.env.BASE_URL is absent","invocations":1,"location":null,"numPassingAsserts":0,"retryReasons":[],"status":"passed","title":"must return path without base url when process.env.BASE_URL is absent"},{"ancestorTitles":["path","monitorsPagePath"],"duration":1,"failureDetails":[],"failureMessages":[],"fullName":"path monitorsPagePath must return path with base url when process.env.BASE_URL is present","invocations":1,"location":null,"numPassingAsserts":0,"retryReasons":[],"status":"passed","title":"must return path with base url when process.env.BASE_URL is present"},{"ancestorTitles":["path","monitorsPagePath"],"duration":1,"failureDetails":[],"failureMessages":[],"fullName":"path monitorsPagePath must return path without base url when process.env.BASE_URL is absent","invocations":1,"location":null,"numPassingAsserts":0,"retryReasons":[],"status":"passed","title":"must return path without base url when process.env.BASE_URL is absent"}],"endTime":1666360283697,"message":"","name":"/Users/mts/PapillonBitsHub/discovery/packages/core/src/route/__tests__/path.test.js","startTime":1666360277828,"status":"passed","summary":""},{"assertionResults":[{"ancestorTitles":["endpointPaths"],"duration":3,"failureDetails":[],"failureMessages":[],"fullName":"endpointPaths must return all endpoint paths","invocations":1,"location":null,"numPassingAsserts":0,"retryReasons":[],"status":"passed","title":"must return all endpoint paths"}],"endTime":1666360283668,"message":"","name":"/Users/mts/PapillonBitsHub/discovery/packages/core/src/library/environment/api/__tests__/path.test.js","startTime":1666360277916,"status":"passed","summary":""},{"assertionResults":[{"ancestorTitles":["fileFormat"],"duration":11,"failureDetails":[],"failureMessages":[],"fullName":"fileFormat must return all file format constants","invocations":1,"location":null,"numPassingAsserts":0,"retryReasons":[],"status":"passed","title":"must return all file format constants"}],"endTime":1666360283981,"message":"","name":"/Users/mts/PapillonBitsHub/discovery/packages/core/src/library/constant/__tests__/fileFormat.test.js","startTime":1666360277819,"status":"passed","summary":""},{"assertionResults":[{"ancestorTitles":["index","useBindActionCreators()"],"duration":3,"failureDetails":[],"failureMessages":[],"fullName":"index useBindActionCreators() must return all bound actions and thunks","invocations":1,"location":null,"numPassingAsserts":0,"retryReasons":[],"status":"passed","title":"must return all bound actions and thunks"}],"endTime":1666360285861,"message":"","name":"/Users/mts/PapillonBitsHub/discovery/packages/core/src/store/dispatch/__tests__/index.test.js","startTime":1666360283516,"status":"passed","summary":""},{"assertionResults":[{"ancestorTitles":["index","hosts and indicators"],"duration":5,"failureDetails":[],"failureMessages":[],"fullName":"index hosts and indicators must return all hosts and indicators","invocations":1,"location":null,"numPassingAsserts":0,"retryReasons":[],"status":"passed","title":"must return all hosts and indicators"},{"ancestorTitles":["index","currentHost"],"duration":10,"failureDetails":[],"failureMessages":[],"fullName":"index currentHost must equal localhost when running on localhost","invocations":1,"location":null,"numPassingAsserts":0,"retryReasons":[],"status":"passed","title":"must equal localhost when running on localhost"},{"ancestorTitles":["index","currentHost"],"duration":1,"failureDetails":[],"failureMessages":[],"fullName":"index currentHost must equal test host href when running on test","invocations":1,"location":null,"numPassingAsserts":0,"retryReasons":[],"status":"passed","title":"must equal test host href when running on test"},{"ancestorTitles":["index","currentHost"],"duration":2,"failureDetails":[],"failureMessages":[],"fullName":"index currentHost must equal acceptance host href when running on acceptance","invocations":1,"location":null,"numPassingAsserts":0,"retryReasons":[],"status":"passed","title":"must equal acceptance host href when running on acceptance"},{"ancestorTitles":["index","currentHost"],"duration":2,"failureDetails":[],"failureMessages":[],"fullName":"index currentHost must equal production host href when running on production","invocations":1,"location":null,"numPassingAsserts":0,"retryReasons":[],"status":"passed","title":"must equal production host href when running on production"},{"ancestorTitles":["index","currentHost"],"duration":2,"failureDetails":[],"failureMessages":[],"fullName":"index currentHost must equal elsewhere host when running elsewhere","invocations":1,"location":null,"numPassingAsserts":0,"retryReasons":[],"status":"passed","title":"must equal elsewhere host when running elsewhere"},{"ancestorTitles":["index","isRunningOnLocalHost"],"duration":2,"failureDetails":[],"failureMessages":[],"fullName":"index isRunningOnLocalHost must be truthy when running on localhost","invocations":1,"location":null,"numPassingAsserts":0,"retryReasons":[],"status":"passed","title":"must be truthy when running on localhost"},{"ancestorTitles":["index","isRunningOnLocalHost"],"duration":1,"failureDetails":[],"failureMessages":[],"fullName":"index isRunningOnLocalHost must be falsy when running elsewhere","invocations":1,"location":null,"numPassingAsserts":0,"retryReasons":[],"status":"passed","title":"must be falsy when running elsewhere"},{"ancestorTitles":["index","isRunningOnStaging"],"duration":3,"failureDetails":[],"failureMessages":[],"fullName":"index isRunningOnStaging must be truthy when running on test","invocations":1,"location":null,"numPassingAsserts":0,"retryReasons":[],"status":"passed","title":"must be truthy when running on test"},{"ancestorTitles":["index","isRunningOnStaging"],"duration":2,"failureDetails":[],"failureMessages":[],"fullName":"index isRunningOnStaging must be truthy when running on acceptance","invocations":1,"location":null,"numPassingAsserts":0,"retryReasons":[],"status":"passed","title":"must be truthy when running on acceptance"},{"ancestorTitles":["index","isRunningOnStaging"],"duration":3,"failureDetails":[],"failureMessages":[],"fullName":"index isRunningOnStaging must be falsy when running elsewhere","invocations":1,"location":null,"numPassingAsserts":0,"retryReasons":[],"status":"passed","title":"must be falsy when running elsewhere"},{"ancestorTitles":["index","isRunningOnProduction"],"duration":1,"failureDetails":[],"failureMessages":[],"fullName":"index isRunningOnProduction must be truthy when running on production","invocations":1,"location":null,"numPassingAsserts":0,"retryReasons":[],"status":"passed","title":"must be truthy when running on production"},{"ancestorTitles":["index","isRunningOnProduction"],"duration":1,"failureDetails":[],"failureMessages":[],"fullName":"index isRunningOnProduction must be falsy when running elsewhere","invocations":1,"location":null,"numPassingAsserts":0,"retryReasons":[],"status":"passed","title":"must be falsy when running elsewhere"}],"endTime":1666360285973,"message":"","name":"/Users/mts/PapillonBitsHub/discovery/packages/core/src/library/environment/host/__tests__/index.test.js","startTime":1666360283764,"status":"passed","summary":""},{"assertionResults":[{"ancestorTitles":["index","setMiddlewares()"],"duration":7,"failureDetails":[],"failureMessages":[],"fullName":"index setMiddlewares() must have thunk and logger middleware when running on localhost","invocations":1,"location":null,"numPassingAsserts":0,"retryReasons":[],"status":"passed","title":"must have thunk and logger middleware when running on localhost"},{"ancestorTitles":["index","setMiddlewares()"],"duration":1,"failureDetails":[],"failureMessages":[],"fullName":"index setMiddlewares() must only have thunk middleware when not running on localhost","invocations":1,"location":null,"numPassingAsserts":0,"retryReasons":[],"status":"passed","title":"must only have thunk middleware when not running on localhost"}],"endTime":1666360285981,"message":"","name":"/Users/mts/PapillonBitsHub/discovery/packages/core/src/store/__tests__/base.test.js","startTime":1666360283208,"status":"passed","summary":""},{"assertionResults":[{"ancestorTitles":["actionCreators","context","contextSetInstanceAction()"],"duration":3,"failureDetails":[],"failureMessages":[],"fullName":"actionCreators context contextSetInstanceAction() must return action with given payload","invocations":1,"location":null,"numPassingAsserts":0,"retryReasons":[],"status":"passed","title":"must return action with given payload"},{"ancestorTitles":["actionCreators","context","contextSetNavigationAction()"],"duration":1,"failureDetails":[],"failureMessages":[],"fullName":"actionCreators context contextSetNavigationAction() must return action with given payload","invocations":1,"location":null,"numPassingAsserts":0,"retryReasons":[],"status":"passed","title":"must return action with given payload"},{"ancestorTitles":["actionCreators","ui","instances","pagination","uiSetInstancesPaginationAction()"],"duration":13,"failureDetails":[],"failureMessages":[],"fullName":"actionCreators ui instances pagination uiSetInstancesPaginationAction() must return action with given payload","invocations":1,"location":null,"numPassingAsserts":0,"retryReasons":[],"status":"passed","title":"must return action with given payload"},{"ancestorTitles":["actionCreators","ui","instances","sort","uiSetInstancesSortObjectAction()"],"duration":1,"failureDetails":[],"failureMessages":[],"fullName":"actionCreators ui instances sort uiSetInstancesSortObjectAction() must return action with given payload","invocations":1,"location":null,"numPassingAsserts":0,"retryReasons":[],"status":"passed","title":"must return action with given payload"},{"ancestorTitles":["actionCreators","ui","instances","edit","uiSetInstancesEditObjectAction()"],"duration":1,"failureDetails":[],"failureMessages":[],"fullName":"actionCreators ui instances edit uiSetInstancesEditObjectAction() must return action with given payload","invocations":1,"location":null,"numPassingAsserts":0,"retryReasons":[],"status":"passed","title":"must return action with given payload"},{"ancestorTitles":["actionCreators","ui","instances","objects","uiSetInstancesAction()"],"duration":1,"failureDetails":[],"failureMessages":[],"fullName":"actionCreators ui instances objects uiSetInstancesAction() must return action with given payload","invocations":1,"location":null,"numPassingAsserts":0,"retryReasons":[],"status":"passed","title":"must return action with given payload"},{"ancestorTitles":["actionCreators","ui","instances","objects","uiCreateInstancesObjectsAction()"],"duration":0,"failureDetails":[],"failureMessages":[],"fullName":"actionCreators ui instances objects uiCreateInstancesObjectsAction() must return action with given payload","invocations":1,"location":null,"numPassingAsserts":0,"retryReasons":[],"status":"passed","title":"must return action with given payload"},{"ancestorTitles":["actionCreators","ui","instances","objects","uiDeleteInstancesObjectsAction()"],"duration":1,"failureDetails":[],"failureMessages":[],"fullName":"actionCreators ui instances objects uiDeleteInstancesObjectsAction() must return action with given payload","invocations":1,"location":null,"numPassingAsserts":0,"retryReasons":[],"status":"passed","title":"must return action with given payload"},{"ancestorTitles":["actionCreators","ui","instances","objects","uiUpdateInstancesObjectsAction()"],"duration":1,"failureDetails":[],"failureMessages":[],"fullName":"actionCreators ui instances objects uiUpdateInstancesObjectsAction() must return action with given payload","invocations":1,"location":null,"numPassingAsserts":0,"retryReasons":[],"status":"passed","title":"must return action with given payload"},{"ancestorTitles":["actionCreators","ui","instances","objects","uiSelectInstancesObjectsAction()"],"duration":1,"failureDetails":[],"failureMessages":[],"fullName":"actionCreators ui instances objects uiSelectInstancesObjectsAction() must return action with given payload","invocations":1,"location":null,"numPassingAsserts":0,"retryReasons":[],"status":"passed","title":"must return action with given payload"},{"ancestorTitles":["actionCreators","ui","files","uiSetFilesAction()"],"duration":1,"failureDetails":[],"failureMessages":[],"fullName":"actionCreators ui files uiSetFilesAction() must return action with given payload","invocations":1,"location":null,"numPassingAsserts":0,"retryReasons":[],"status":"passed","title":"must return action with given payload"},{"ancestorTitles":["actionCreators","ui","files","uiCreateFilesObjectsAction()"],"duration":0,"failureDetails":[],"failureMessages":[],"fullName":"actionCreators ui files uiCreateFilesObjectsAction() must return action with given payload","invocations":1,"location":null,"numPassingAsserts":0,"retryReasons":[],"status":"passed","title":"must return action with given payload"},{"ancestorTitles":["actionCreators","ui","files","uiDeleteFilesObjectsAction()"],"duration":0,"failureDetails":[],"failureMessages":[],"fullName":"actionCreators ui files uiDeleteFilesObjectsAction() must return action with given payload","invocations":1,"location":null,"numPassingAsserts":0,"retryReasons":[],"status":"passed","title":"must return action with given payload"},{"ancestorTitles":["actionCreators","ui","files","uiStoreFilesObjectsAction()"],"duration":1,"failureDetails":[],"failureMessages":[],"fullName":"actionCreators ui files uiStoreFilesObjectsAction() must return action with given payload","invocations":1,"location":null,"numPassingAsserts":0,"retryReasons":[],"status":"passed","title":"must return action with given payload"},{"ancestorTitles":["actionCreators","ui","files","uiRenameFilesObjectsAction()"],"duration":0,"failureDetails":[],"failureMessages":[],"fullName":"actionCreators ui files uiRenameFilesObjectsAction() must return action with given payload","invocations":1,"location":null,"numPassingAsserts":0,"retryReasons":[],"status":"passed","title":"must return action with given payload"},{"ancestorTitles":["actionCreators","ui","files","uiSelectFilesObjectsAction()"],"duration":0,"failureDetails":[],"failureMessages":[],"fullName":"actionCreators ui files uiSelectFilesObjectsAction() must return action with given payload","invocations":1,"location":null,"numPassingAsserts":0,"retryReasons":[],"status":"passed","title":"must return action with given payload"},{"ancestorTitles":["actionCreators","ui","files","uiSetFilesLocationAction()"],"duration":1,"failureDetails":[],"failureMessages":[],"fullName":"actionCreators ui files uiSetFilesLocationAction() must return action with given payload","invocations":1,"location":null,"numPassingAsserts":0,"retryReasons":[],"status":"passed","title":"must return action with given payload"},{"ancestorTitles":["actionCreators","ui","files","uiSetFilesPaginationAction()"],"duration":0,"failureDetails":[],"failureMessages":[],"fullName":"actionCreators ui files uiSetFilesPaginationAction() must return action with given payload","invocations":1,"location":null,"numPassingAsserts":0,"retryReasons":[],"status":"passed","title":"must return action with given payload"},{"ancestorTitles":["actionCreators","ui","files","search","uiSetFilesSearchAction()"],"duration":0,"failureDetails":[],"failureMessages":[],"fullName":"actionCreators ui files search uiSetFilesSearchAction() must return action with given payload","invocations":1,"location":null,"numPassingAsserts":0,"retryReasons":[],"status":"passed","title":"must return action with given payload"},{"ancestorTitles":["actionCreators","ui","files","sort","uiSetFilesSortAction()"],"duration":1,"failureDetails":[],"failureMessages":[],"fullName":"actionCreators ui files sort uiSetFilesSortAction() must return action with given payload","invocations":1,"location":null,"numPassingAsserts":0,"retryReasons":[],"status":"passed","title":"must return action with given payload"},{"ancestorTitles":["actionCreators","ui","credentials","navigation","uiSetCredentialsNavigationAction()"],"duration":0,"failureDetails":[],"failureMessages":[],"fullName":"actionCreators ui credentials navigation uiSetCredentialsNavigationAction() must return action with given payload","invocations":1,"location":null,"numPassingAsserts":0,"retryReasons":[],"status":"passed","title":"must return action with given payload"},{"ancestorTitles":["actionCreators","ui","credentials","pagination","uiSetCredentialsPaginationAction()"],"duration":0,"failureDetails":[],"failureMessages":[],"fullName":"actionCreators ui credentials pagination uiSetCredentialsPaginationAction() must return action with given payload","invocations":1,"location":null,"numPassingAsserts":0,"retryReasons":[],"status":"passed","title":"must return action with given payload"},{"ancestorTitles":["actionCreators","ui","credentials","sort","uiSetCredentialsSortObjectAction()"],"duration":2,"failureDetails":[],"failureMessages":[],"fullName":"actionCreators ui credentials sort uiSetCredentialsSortObjectAction() must return action with given payload","invocations":1,"location":null,"numPassingAsserts":0,"retryReasons":[],"status":"passed","title":"must return action with given payload"},{"ancestorTitles":["actionCreators","ui","credentials","sort","uiSetCredentialsSortKeyAction()"],"duration":1,"failureDetails":[],"failureMessages":[],"fullName":"actionCreators ui credentials sort uiSetCredentialsSortKeyAction() must return action with given payload","invocations":1,"location":null,"numPassingAsserts":0,"retryReasons":[],"status":"passed","title":"must return action with given payload"},{"ancestorTitles":["actionCreators","ui","credentials","edit","uiSetCredentialsEditObjectAction()"],"duration":1,"failureDetails":[],"failureMessages":[],"fullName":"actionCreators ui credentials edit uiSetCredentialsEditObjectAction() must return action with given payload","invocations":1,"location":null,"numPassingAsserts":0,"retryReasons":[],"status":"passed","title":"must return action with given payload"},{"ancestorTitles":["actionCreators","ui","credentials","edit","uiSetCredentialsEditKeyAction()"],"duration":0,"failureDetails":[],"failureMessages":[],"fullName":"actionCreators ui credentials edit uiSetCredentialsEditKeyAction() must return action with given payload","invocations":1,"location":null,"numPassingAsserts":0,"retryReasons":[],"status":"passed","title":"must return action with given payload"},{"ancestorTitles":["actionCreators","ui","credentials","objects","uiSetCredentialsAction()"],"duration":0,"failureDetails":[],"failureMessages":[],"fullName":"actionCreators ui credentials objects uiSetCredentialsAction() must return action with given payload","invocations":1,"location":null,"numPassingAsserts":0,"retryReasons":[],"status":"passed","title":"must return action with given payload"},{"ancestorTitles":["actionCreators","ui","credentials","objects","uiCreateCredentialsObjectsAction()"],"duration":0,"failureDetails":[],"failureMessages":[],"fullName":"actionCreators ui credentials objects uiCreateCredentialsObjectsAction() must return action with given payload","invocations":1,"location":null,"numPassingAsserts":0,"retryReasons":[],"status":"passed","title":"must return action with given payload"},{"ancestorTitles":["actionCreators","ui","credentials","objects","uiDeleteCredentialsObjectsAction()"],"duration":1,"failureDetails":[],"failureMessages":[],"fullName":"actionCreators ui credentials objects uiDeleteCredentialsObjectsAction() must return action with given payload","invocations":1,"location":null,"numPassingAsserts":0,"retryReasons":[],"status":"passed","title":"must return action with given payload"},{"ancestorTitles":["actionCreators","ui","credentials","objects","uiUpdateCredentialsObjectsAction()"],"duration":0,"failureDetails":[],"failureMessages":[],"fullName":"actionCreators ui credentials objects uiUpdateCredentialsObjectsAction() must return action with given payload","invocations":1,"location":null,"numPassingAsserts":0,"retryReasons":[],"status":"passed","title":"must return action with given payload"},{"ancestorTitles":["actionCreators","ui","credentials","objects","uiSelectCredentialsObjectsAction()"],"duration":0,"failureDetails":[],"failureMessages":[],"fullName":"actionCreators ui credentials objects uiSelectCredentialsObjectsAction() must return action with given payload","invocations":1,"location":null,"numPassingAsserts":0,"retryReasons":[],"status":"passed","title":"must return action with given payload"},{"ancestorTitles":["actionCreators","ui","credentials","keys","uiCreateCredentialsObjectsKeysAction()"],"duration":0,"failureDetails":[],"failureMessages":[],"fullName":"actionCreators ui credentials keys uiCreateCredentialsObjectsKeysAction() must return action with given payload","invocations":1,"location":null,"numPassingAsserts":0,"retryReasons":[],"status":"passed","title":"must return action with given payload"},{"ancestorTitles":["actionCreators","ui","credentials","keys","uiDeleteCredentialsObjectsKeysAction()"],"duration":0,"failureDetails":[],"failureMessages":[],"fullName":"actionCreators ui credentials keys uiDeleteCredentialsObjectsKeysAction() must return action with given payload","invocations":1,"location":null,"numPassingAsserts":0,"retryReasons":[],"status":"passed","title":"must return action with given payload"},{"ancestorTitles":["actionCreators","ui","credentials","keys","uiUpdateCredentialsObjectsKeysAction()"],"duration":5,"failureDetails":[],"failureMessages":[],"fullName":"actionCreators ui credentials keys uiUpdateCredentialsObjectsKeysAction() must return action with given payload","invocations":1,"location":null,"numPassingAsserts":0,"retryReasons":[],"status":"passed","title":"must return action with given payload"},{"ancestorTitles":["actionCreators","ui","credentials","keys","uiSelectCredentialsObjectsKeysAction()"],"duration":0,"failureDetails":[],"failureMessages":[],"fullName":"actionCreators ui credentials keys uiSelectCredentialsObjectsKeysAction() must return action with given payload","invocations":1,"location":null,"numPassingAsserts":0,"retryReasons":[],"status":"passed","title":"must return action with given payload"},{"ancestorTitles":["actionCreators","ui","pipelines","navigation","uiSetPipelinesNavigationAction()"],"duration":1,"failureDetails":[],"failureMessages":[],"fullName":"actionCreators ui pipelines navigation uiSetPipelinesNavigationAction() must return action with given payload","invocations":1,"location":null,"numPassingAsserts":0,"retryReasons":[],"status":"passed","title":"must return action with given payload"},{"ancestorTitles":["actionCreators","ui","pipelines","pagination","uiSetPipelinesPaginationAction()"],"duration":0,"failureDetails":[],"failureMessages":[],"fullName":"actionCreators ui pipelines pagination uiSetPipelinesPaginationAction() must return action with given payload","invocations":1,"location":null,"numPassingAsserts":0,"retryReasons":[],"status":"passed","title":"must return action with given payload"},{"ancestorTitles":["actionCreators","ui","pipelines","search","uiSetPipelinesSearchAction()"],"duration":0,"failureDetails":[],"failureMessages":[],"fullName":"actionCreators ui pipelines search uiSetPipelinesSearchAction() must return action with given payload","invocations":1,"location":null,"numPassingAsserts":0,"retryReasons":[],"status":"passed","title":"must return action with given payload"},{"ancestorTitles":["actionCreators","ui","pipelines","sort","sort","uiSetPipelinesSortObjectAction()"],"duration":1,"failureDetails":[],"failureMessages":[],"fullName":"actionCreators ui pipelines sort sort uiSetPipelinesSortObjectAction() must return action with given payload","invocations":1,"location":null,"numPassingAsserts":0,"retryReasons":[],"status":"passed","title":"must return action with given payload"},{"ancestorTitles":["actionCreators","ui","pipelines","sort","sort","uiSetPipelinesSortStepAction()"],"duration":0,"failureDetails":[],"failureMessages":[],"fullName":"actionCreators ui pipelines sort sort uiSetPipelinesSortStepAction() must return action with given payload","invocations":1,"location":null,"numPassingAsserts":0,"retryReasons":[],"status":"passed","title":"must return action with given payload"},{"ancestorTitles":["actionCreators","ui","pipelines","sort","sort","uiSetPipelinesSortMappingAction()"],"duration":0,"failureDetails":[],"failureMessages":[],"fullName":"actionCreators ui pipelines sort sort uiSetPipelinesSortMappingAction() must return action with given payload","invocations":1,"location":null,"numPassingAsserts":0,"retryReasons":[],"status":"passed","title":"must return action with given payload"},{"ancestorTitles":["actionCreators","ui","pipelines","sort","sort","uiSetPipelinesSortExecutionAction()"],"duration":0,"failureDetails":[],"failureMessages":[],"fullName":"actionCreators ui pipelines sort sort uiSetPipelinesSortExecutionAction() must return action with given payload","invocations":1,"location":null,"numPassingAsserts":0,"retryReasons":[],"status":"passed","title":"must return action with given payload"},{"ancestorTitles":["actionCreators","ui","pipelines","edit","uiSetPipelinesEditObjectAction()"],"duration":1,"failureDetails":[],"failureMessages":[],"fullName":"actionCreators ui pipelines edit uiSetPipelinesEditObjectAction() must return action with given payload","invocations":1,"location":null,"numPassingAsserts":0,"retryReasons":[],"status":"passed","title":"must return action with given payload"},{"ancestorTitles":["actionCreators","ui","pipelines","edit","uiSetPipelinesEditStepAction()"],"duration":1,"failureDetails":[],"failureMessages":[],"fullName":"actionCreators ui pipelines edit uiSetPipelinesEditStepAction() must return action with given payload","invocations":1,"location":null,"numPassingAsserts":0,"retryReasons":[],"status":"passed","title":"must return action with given payload"},{"ancestorTitles":["actionCreators","ui","pipelines","edit","uiSetPipelinesEditMappingAction()"],"duration":0,"failureDetails":[],"failureMessages":[],"fullName":"actionCreators ui pipelines edit uiSetPipelinesEditMappingAction() must return action with given payload","invocations":1,"location":null,"numPassingAsserts":0,"retryReasons":[],"status":"passed","title":"must return action with given payload"},{"ancestorTitles":["actionCreators","ui","pipelines","edit","uiSetPipelinesEditExecutionAction()"],"duration":17,"failureDetails":[],"failureMessages":[],"fullName":"actionCreators ui pipelines edit uiSetPipelinesEditExecutionAction() must return action with given payload","invocations":1,"location":null,"numPassingAsserts":0,"retryReasons":[],"status":"passed","title":"must return action with given payload"},{"ancestorTitles":["actionCreators","ui","pipelines","objects","uiSetPipelinesAction()"],"duration":1,"failureDetails":[],"failureMessages":[],"fullName":"actionCreators ui pipelines objects uiSetPipelinesAction() must return action with given payload","invocations":1,"location":null,"numPassingAsserts":0,"retryReasons":[],"status":"passed","title":"must return action with given payload"},{"ancestorTitles":["actionCreators","ui","pipelines","objects","uiCreatePipelinesObjectsAction()"],"duration":0,"failureDetails":[],"failureMessages":[],"fullName":"actionCreators ui pipelines objects uiCreatePipelinesObjectsAction() must return action with given payload","invocations":1,"location":null,"numPassingAsserts":0,"retryReasons":[],"status":"passed","title":"must return action with given payload"},{"ancestorTitles":["actionCreators","ui","pipelines","objects","uiDeletePipelinesObjectsAction()"],"duration":1,"failureDetails":[],"failureMessages":[],"fullName":"actionCreators ui pipelines objects uiDeletePipelinesObjectsAction() must return action with given payload","invocations":1,"location":null,"numPassingAsserts":0,"retryReasons":[],"status":"passed","title":"must return action with given payload"},{"ancestorTitles":["actionCreators","ui","pipelines","objects","uiUpdatePipelinesObjectsAction()"],"duration":0,"failureDetails":[],"failureMessages":[],"fullName":"actionCreators ui pipelines objects uiUpdatePipelinesObjectsAction() must return action with given payload","invocations":1,"location":null,"numPassingAsserts":0,"retryReasons":[],"status":"passed","title":"must return action with given payload"},{"ancestorTitles":["actionCreators","ui","pipelines","objects","uiSelectPipelinesObjectsAction()"],"duration":1,"failureDetails":[],"failureMessages":[],"fullName":"actionCreators ui pipelines objects uiSelectPipelinesObjectsAction() must return action with given payload","invocations":1,"location":null,"numPassingAsserts":0,"retryReasons":[],"status":"passed","title":"must return action with given payload"},{"ancestorTitles":["actionCreators","ui","pipelines","steps","uiCreatePipelinesObjectsStepsAction()"],"duration":1,"failureDetails":[],"failureMessages":[],"fullName":"actionCreators ui pipelines steps uiCreatePipelinesObjectsStepsAction() must return action with given payload","invocations":1,"location":null,"numPassingAsserts":0,"retryReasons":[],"status":"passed","title":"must return action with given payload"},{"ancestorTitles":["actionCreators","ui","pipelines","steps","uiDeletePipelinesObjectsStepsAction()"],"duration":0,"failureDetails":[],"failureMessages":[],"fullName":"actionCreators ui pipelines steps uiDeletePipelinesObjectsStepsAction() must return action with given payload","invocations":1,"location":null,"numPassingAsserts":0,"retryReasons":[],"status":"passed","title":"must return action with given payload"},{"ancestorTitles":["actionCreators","ui","pipelines","steps","uiUpdatePipelinesObjectsStepsAction()"],"duration":0,"failureDetails":[],"failureMessages":[],"fullName":"actionCreators ui pipelines steps uiUpdatePipelinesObjectsStepsAction() must return action with given payload","invocations":1,"location":null,"numPassingAsserts":0,"retryReasons":[],"status":"passed","title":"must return action with given payload"},{"ancestorTitles":["actionCreators","ui","pipelines","steps","uiSelectPipelinesObjectsStepsAction()"],"duration":0,"failureDetails":[],"failureMessages":[],"fullName":"actionCreators ui pipelines steps uiSelectPipelinesObjectsStepsAction() must return action with given payload","invocations":1,"location":null,"numPassingAsserts":0,"retryReasons":[],"status":"passed","title":"must return action with given payload"},{"ancestorTitles":["actionCreators","ui","pipelines","mappings","uiCreatePipelinesObjectsMappingsAction()"],"duration":0,"failureDetails":[],"failureMessages":[],"fullName":"actionCreators ui pipelines mappings uiCreatePipelinesObjectsMappingsAction() must return action with given payload","invocations":1,"location":null,"numPassingAsserts":0,"retryReasons":[],"status":"passed","title":"must return action with given payload"},{"ancestorTitles":["actionCreators","ui","pipelines","mappings","uiDeletePipelinesObjectsMappingsAction()"],"duration":1,"failureDetails":[],"failureMessages":[],"fullName":"actionCreators ui pipelines mappings uiDeletePipelinesObjectsMappingsAction() must return action with given payload","invocations":1,"location":null,"numPassingAsserts":0,"retryReasons":[],"status":"passed","title":"must return action with given payload"},{"ancestorTitles":["actionCreators","ui","pipelines","mappings","uiUpdatePipelinesObjectsMappingsAction()"],"duration":0,"failureDetails":[],"failureMessages":[],"fullName":"actionCreators ui pipelines mappings uiUpdatePipelinesObjectsMappingsAction() must return action with given payload","invocations":1,"location":null,"numPassingAsserts":0,"retryReasons":[],"status":"passed","title":"must return action with given payload"},{"ancestorTitles":["actionCreators","ui","pipelines","mappings","uiSelectPipelinesObjectsMappingsAction()"],"duration":0,"failureDetails":[],"failureMessages":[],"fullName":"actionCreators ui pipelines mappings uiSelectPipelinesObjectsMappingsAction() must return action with given payload","invocations":1,"location":null,"numPassingAsserts":0,"retryReasons":[],"status":"passed","title":"must return action with given payload"},{"ancestorTitles":["actionCreators","ui","pipelines","executions","uiCreatePipelinesObjectsExecutionsAction()"],"duration":0,"failureDetails":[],"failureMessages":[],"fullName":"actionCreators ui pipelines executions uiCreatePipelinesObjectsExecutionsAction() must return action with given payload","invocations":1,"location":null,"numPassingAsserts":0,"retryReasons":[],"status":"passed","title":"must return action with given payload"},{"ancestorTitles":["actionCreators","ui","pipelines","executions","uiDeletePipelinesObjectsExecutionsAction()"],"duration":0,"failureDetails":[],"failureMessages":[],"fullName":"actionCreators ui pipelines executions uiDeletePipelinesObjectsExecutionsAction() must return action with given payload","invocations":1,"location":null,"numPassingAsserts":0,"retryReasons":[],"status":"passed","title":"must return action with given payload"},{"ancestorTitles":["actionCreators","ui","pipelines","executions","uiUpdatePipelinesObjectsExecutionsAction()"],"duration":0,"failureDetails":[],"failureMessages":[],"fullName":"actionCreators ui pipelines executions uiUpdatePipelinesObjectsExecutionsAction() must return action with given payload","invocations":1,"location":null,"numPassingAsserts":0,"retryReasons":[],"status":"passed","title":"must return action with given payload"},{"ancestorTitles":["actionCreators","ui","pipelines","executions","uiSelectPipelinesObjectsExecutionsAction()"],"duration":0,"failureDetails":[],"failureMessages":[],"fullName":"actionCreators ui pipelines executions uiSelectPipelinesObjectsExecutionsAction() must return action with given payload","invocations":1,"location":null,"numPassingAsserts":0,"retryReasons":[],"status":"passed","title":"must return action with given payload"},{"ancestorTitles":["actionCreators","ui","state","uiSetStateAction()"],"duration":1,"failureDetails":[],"failureMessages":[],"fullName":"actionCreators ui state uiSetStateAction() must return action with given payload","invocations":1,"location":null,"numPassingAsserts":0,"retryReasons":[],"status":"passed","title":"must return action with given payload"}],"endTime":1666360286136,"message":"","name":"/Users/mts/PapillonBitsHub/discovery/packages/core/src/store/action/__tests__/actionCreators.test.js","startTime":1666360283714,"status":"passed","summary":""},{"assertionResults":[{"ancestorTitles":["url","getBaseUrl()"],"duration":5,"failureDetails":[],"failureMessages":[],"fullName":"url getBaseUrl() must return base url when current host is localhost","invocations":1,"location":null,"numPassingAsserts":0,"retryReasons":[],"status":"passed","title":"must return base url when current host is localhost"},{"ancestorTitles":["url","getBaseUrl()"],"duration":13,"failureDetails":[],"failureMessages":[],"fullName":"url getBaseUrl() must return base url when current host is test","invocations":1,"location":null,"numPassingAsserts":0,"retryReasons":[],"status":"passed","title":"must return base url when current host is test"},{"ancestorTitles":["url","getBaseUrl()"],"duration":1,"failureDetails":[],"failureMessages":[],"fullName":"url getBaseUrl() must return base url when current host is acceptance","invocations":1,"location":null,"numPassingAsserts":0,"retryReasons":[],"status":"passed","title":"must return base url when current host is acceptance"},{"ancestorTitles":["url","getBaseUrl()"],"duration":0,"failureDetails":[],"failureMessages":[],"fullName":"url getBaseUrl() must return base url when current host is production","invocations":1,"location":null,"numPassingAsserts":0,"retryReasons":[],"status":"passed","title":"must return base url when current host is production"}],"endTime":1666360286259,"message":"","name":"/Users/mts/PapillonBitsHub/discovery/packages/core/src/library/environment/api/__tests__/url.test.js","startTime":1666360283482,"status":"passed","summary":""},{"assertionResults":[{"ancestorTitles":["actionTypes"],"duration":13,"failureDetails":[],"failureMessages":[],"fullName":"actionTypes must return all action types","invocations":1,"location":null,"numPassingAsserts":0,"retryReasons":[],"status":"passed","title":"must return all action types"}],"endTime":1666360286347,"message":"","name":"/Users/mts/PapillonBitsHub/discovery/packages/core/src/store/action/__tests__/actionTypes.test.js","startTime":1666360284022,"status":"passed","summary":""},{"assertionResults":[{"ancestorTitles":["index","getSelectedInstanceId()"],"duration":3,"failureDetails":[],"failureMessages":[],"fullName":"index getSelectedInstanceId() must return selected instance id when there is an instance selected","invocations":1,"location":null,"numPassingAsserts":0,"retryReasons":[],"status":"passed","title":"must return selected instance id when there is an instance selected"},{"ancestorTitles":["index","getSelectedInstanceId()"],"duration":1,"failureDetails":[],"failureMessages":[],"fullName":"index getSelectedInstanceId() must return empty string when there is no instance selected","invocations":1,"location":null,"numPassingAsserts":0,"retryReasons":[],"status":"passed","title":"must return empty string when there is no instance selected"}],"endTime":1666360287734,"message":"","name":"/Users/mts/PapillonBitsHub/discovery/packages/core/src/store/reducer/ui/instances/get/__tests__/index.test.js","startTime":1666360285910,"status":"passed","summary":""},{"assertionResults":[{"ancestorTitles":["fileSizeUnit"],"duration":6,"failureDetails":[],"failureMessages":[],"fullName":"fileSizeUnit must return all file size unit constants","invocations":1,"location":null,"numPassingAsserts":0,"retryReasons":[],"status":"passed","title":"must return all file size unit constants"}],"endTime":1666360287913,"message":"","name":"/Users/mts/PapillonBitsHub/discovery/packages/core/src/library/constant/__tests__/fileSizeUnit.test.js","startTime":1666360285982,"status":"passed","summary":""},{"assertionResults":[{"ancestorTitles":["index","getReadableFileSize()"],"duration":2,"failureDetails":[],"failureMessages":[],"fullName":"index getReadableFileSize() must return readable file size for B","invocations":1,"location":null,"numPassingAsserts":0,"retryReasons":[],"status":"passed","title":"must return readable file size for B"},{"ancestorTitles":["index","getReadableFileSize()"],"duration":0,"failureDetails":[],"failureMessages":[],"fullName":"index getReadableFileSize() must return readable file size for KB","invocations":1,"location":null,"numPassingAsserts":0,"retryReasons":[],"status":"passed","title":"must return readable file size for KB"},{"ancestorTitles":["index","getReadableFileSize()"],"duration":0,"failureDetails":[],"failureMessages":[],"fullName":"index getReadableFileSize() must return readable file size for MB","invocations":1,"location":null,"numPassingAsserts":0,"retryReasons":[],"status":"passed","title":"must return readable file size for MB"},{"ancestorTitles":["index","getReadableFileSize()"],"duration":1,"failureDetails":[],"failureMessages":[],"fullName":"index getReadableFileSize() must return readable file size for GB","invocations":1,"location":null,"numPassingAsserts":0,"retryReasons":[],"status":"passed","title":"must return readable file size for GB"},{"ancestorTitles":["index","getReadableFileSize()"],"duration":1,"failureDetails":[],"failureMessages":[],"fullName":"index getReadableFileSize() must return readable file size for TB","invocations":1,"location":null,"numPassingAsserts":0,"retryReasons":[],"status":"passed","title":"must return readable file size for TB"},{"ancestorTitles":["index","getReadableFileSize()"],"duration":1,"failureDetails":[],"failureMessages":[],"fullName":"index getReadableFileSize() must return readable file size for PB","invocations":1,"location":null,"numPassingAsserts":0,"retryReasons":[],"status":"passed","title":"must return readable file size for PB"},{"ancestorTitles":["index","getReadableFileSize()"],"duration":0,"failureDetails":[],"failureMessages":[],"fullName":"index getReadableFileSize() must return readable file size for EB","invocations":1,"location":null,"numPassingAsserts":0,"retryReasons":[],"status":"passed","title":"must return readable file size for EB"},{"ancestorTitles":["index","getReadableFileSize()"],"duration":1,"failureDetails":[],"failureMessages":[],"fullName":"index getReadableFileSize() must return readable file size for ZB","invocations":1,"location":null,"numPassingAsserts":0,"retryReasons":[],"status":"passed","title":"must return readable file size for ZB"},{"ancestorTitles":["index","getReadableFileSize()"],"duration":0,"failureDetails":[],"failureMessages":[],"fullName":"index getReadableFileSize() must return readable file size for YB","invocations":1,"location":null,"numPassingAsserts":0,"retryReasons":[],"status":"passed","title":"must return readable file size for YB"}],"endTime":1666360287981,"message":"","name":"/Users/mts/PapillonBitsHub/discovery/packages/core/src/library/file/__tests__/index.test.js","startTime":1666360286160,"status":"passed","summary":""},{"assertionResults":[{"ancestorTitles":["index","getEndpoints()"],"duration":4,"failureDetails":[],"failureMessages":[],"fullName":"index getEndpoints() must return endpoints","invocations":1,"location":null,"numPassingAsserts":0,"retryReasons":[],"status":"passed","title":"must return endpoints"}],"endTime":1666360288073,"message":"","name":"/Users/mts/PapillonBitsHub/discovery/packages/core/src/library/environment/api/__tests__/index.test.js","startTime":1666360286274,"status":"passed","summary":""},{"assertionResults":[{"ancestorTitles":["client","setAppDefaultState()"],"duration":222,"failureDetails":[],"failureMessages":[],"fullName":"client setAppDefaultState() must set app state","invocations":1,"location":null,"numPassingAsserts":0,"retryReasons":[],"status":"passed","title":"must set app state"}],"endTime":1666360288079,"message":"","name":"/Users/mts/PapillonBitsHub/discovery/packages/core/src/store/__tests__/client.test.js","startTime":1666360286030,"status":"passed","summary":""},{"assertionResults":[{"ancestorTitles":["index","appRootRoute"],"duration":8,"failureDetails":[],"failureMessages":[],"fullName":"index appRootRoute must return app root route object","invocations":1,"location":null,"numPassingAsserts":0,"retryReasons":[],"status":"passed","title":"must return app root route object"},{"ancestorTitles":["index","dashboardPageRoute"],"duration":1,"failureDetails":[],"failureMessages":[],"fullName":"index dashboardPageRoute must return dashboard page route object","invocations":1,"location":null,"numPassingAsserts":0,"retryReasons":[],"status":"passed","title":"must return dashboard page route object"},{"ancestorTitles":["index","instancesPageRoute"],"duration":0,"failureDetails":[],"failureMessages":[],"fullName":"index instancesPageRoute must return instances page route object","invocations":1,"location":null,"numPassingAsserts":0,"retryReasons":[],"status":"passed","title":"must return instances page route object"},{"ancestorTitles":["index","filesPageRoute"],"duration":0,"failureDetails":[],"failureMessages":[],"fullName":"index filesPageRoute must return files page route object","invocations":1,"location":null,"numPassingAsserts":0,"retryReasons":[],"status":"passed","title":"must return files page route object"},{"ancestorTitles":["index","credentialsPageRoute"],"duration":0,"failureDetails":[],"failureMessages":[],"fullName":"index credentialsPageRoute must return credentials page route object","invocations":1,"location":null,"numPassingAsserts":0,"retryReasons":[],"status":"passed","title":"must return credentials page route object"},{"ancestorTitles":["index","pipelinesPageRoute"],"duration":0,"failureDetails":[],"failureMessages":[],"fullName":"index pipelinesPageRoute must return pipelines page route object","invocations":1,"location":null,"numPassingAsserts":0,"retryReasons":[],"status":"passed","title":"must return pipelines page route object"},{"ancestorTitles":["index","monitorsPageRoute"],"duration":1,"failureDetails":[],"failureMessages":[],"fullName":"index monitorsPageRoute must return monitors page route object","invocations":1,"location":null,"numPassingAsserts":0,"retryReasons":[],"status":"passed","title":"must return monitors page route object"},{"ancestorTitles":["index","notFoundPageRoute"],"duration":0,"failureDetails":[],"failureMessages":[],"fullName":"index notFoundPageRoute must return not found page route object","invocations":1,"location":null,"numPassingAsserts":0,"retryReasons":[],"status":"passed","title":"must return not found page route object"}],"endTime":1666360289384,"message":"","name":"/Users/mts/PapillonBitsHub/discovery/packages/core/src/route/__tests__/index.test.js","startTime":1666360277813,"status":"passed","summary":""}],"wasInterrupted":false}