{"numFailedTestSuites":1,"numFailedTests":1,"numPassedTestSuites":0,"numPassedTests":0,"numPendingTestSuites":0,"numPendingTests":0,"numRuntimeErrorTestSuites":0,"numTodoTests":0,"numTotalTestSuites":1,"numTotalTests":1,"openHandles":[],"snapshot":{"added":0,"didUpdate":false,"failure":false,"filesAdded":0,"filesRemoved":0,"filesRemovedList":[],"filesUnmatched":0,"filesUpdated":0,"matched":0,"total":0,"unchecked":0,"uncheckedKeysByFile":[],"unmatched":0,"updated":0},"startTime":1664717413225,"success":false,"testResults":[{"assertionResults":[{"ancestorTitles":["instances","create"],"duration":14,"failureMessages":["Error: net::ERR_CONNECTION_REFUSED at http://localhost:8080/instances\n    at navigate (/Users/mts/MTSHub/discovery/node_modules/puppeteer/src/common/Frame.ts:346:13)\n    at processTicksAndRejections (internal/process/task_queues.js:95:5)\n    at Frame.goto (/Users/mts/MTSHub/discovery/node_modules/puppeteer/src/common/Frame.ts:310:17)\n    at CDPPage.goto (/Users/mts/MTSHub/discovery/node_modules/puppeteer/src/common/Page.ts:1552:12)"],"fullName":"instances create must successfully create an instance when approved","location":null,"status":"failed","title":"must successfully create an instance when approved"}],"endTime":1664717415971,"message":"\u001b[1m\u001b[31m  \u001b[1m● \u001b[22m\u001b[1minstances › create › must successfully create an instance when approved\u001b[39m\u001b[22m\n\n    net::ERR_CONNECTION_REFUSED at http://localhost:8080/instances\n\u001b[2m\u001b[22m\n\u001b[2m      \u001b[2mat navigate (\u001b[22m\u001b[2mnode_modules/puppeteer/src/common/Frame.ts\u001b[2m:346:13)\u001b[22m\u001b[2m\u001b[22m\n\u001b[2m      \u001b[2mat Frame.goto (\u001b[22m\u001b[2mnode_modules/puppeteer/src/common/Frame.ts\u001b[2m:310:17)\u001b[22m\u001b[2m\u001b[22m\n\u001b[2m      \u001b[2mat CDPPage.goto (\u001b[22m\u001b[2mnode_modules/puppeteer/src/common/Page.ts\u001b[2m:1552:12)\u001b[22m\u001b[2m\u001b[22m\n","name":"/Users/mts/MTSHub/discovery/packages/e2e/src/instances/create/index.test.js","startTime":1664717413330,"status":"failed","summary":""}],"wasInterrupted":false}